[13:03:39] [main/INFO]: Loading tweak class name optifine.OptiFineTweaker
[13:03:39] [main/INFO]: Using primary tweak class name optifine.OptiFineTweaker
[13:03:39] [main/INFO]: Calling tweak class optifine.OptiFineTweaker
[13:03:40] [main/INFO]: Launching wrapped minecraft {net.minecraft.client.main.Main}
[13:03:41] [main/INFO]: [OptiFine] (Reflector) Class not present: net.minecraftforge.common.capabilities.ICapabilityProvider
[13:03:41] [main/INFO]: [OptiFine] (Reflector) Field not found: World.tileEntitiesToBeRemoved
[13:03:41] [main/INFO]: [OptiFine] (Reflector) Class not present: net.minecraftforge.eventbus.api.Event$Result
[13:03:41] [main/INFO]: [OptiFine] (Reflector) Method not present: net.minecraftforge.common.extensions.IForgeBlockState.hasTileEntity
[13:03:42] [main/INFO]: [OptiFine] (Reflector) Class not present: net.minecraftforge.common.extensions.IForgeEntity
[13:03:42] [main/INFO]: [OptiFine] (Reflector) Class not present: net.minecraftforge.fml.CrashReportExtender
[13:03:56] [main/INFO]: [OptiFine] (Reflector) Class not present: net.minecraftforge.client.ForgeHooksClient
[13:03:58] [main/INFO]: Environment: authHost='https://authserver.mojang.com', accountsHost='https://api.mojang.com', sessionHost='https://sessionserver.mojang.com', name='PROD'
[13:03:58] [main/INFO]: Setting user: ckosmic
[13:03:58] [main/INFO]: [STDERR]: Version: 3.2.3 build 3
[13:03:58] [main/INFO]: [STDERR]: 	 OS: Linux v5.4.72-v7l+
[13:03:58] [main/INFO]: [STDERR]: 	JRE: 1.8.0_251 arm
[13:03:58] [main/INFO]: [STDERR]: 	JVM: Java HotSpot(TM) Server VM v25.251-b08 by Oracle Corporation
[13:03:58] [main/INFO]: [STDERR]: Loading library (system): lwjgl
[13:03:58] [main/INFO]: [STDERR]: 	Loaded from java.library.path: /home/pi/lwjgl3arm32/liblwjgl.so
[13:03:58] [main/INFO]: [STDERR]: Loading library: glfw
[13:03:58] [main/INFO]: [STDERR]: 	Loaded from java.library.path: /home/pi/lwjgl3arm32/libglfw.so
[13:03:58] [main/INFO]: [OptiFine] (Reflector) Class not present: net.minecraftforge.client.settings.KeyConflictContext
[13:03:59] [main/INFO]: [OptiFine] (Reflector) Class not present: net.minecraftforge.client.settings.KeyModifier
[13:03:59] [main/INFO]: Backend library: LWJGL version 3.2.3 build 3
[13:03:59] [main/INFO]: [STDERR]: Loading library: jemalloc
[13:03:59] [main/INFO]: [STDERR]: 	libjemalloc.so not found in java.library.path=/home/pi/lwjgl3arm32
[13:03:59] [main/INFO]: [STDERR]: 	libjemalloc.so not found in system paths
[13:03:59] [main/INFO]: [STDERR]: [LWJGL] Failed to load a library. Possible solutions:
	a) Add the directory that contains the shared library to -Djava.library.path or -Dorg.lwjgl.librarypath.
	b) Add the JAR that contains the shared library to the classpath.
[13:03:59] [main/INFO]: [STDERR]: Warning: Failed to instantiate memory allocator: org.lwjgl.system.jemalloc.JEmallocAllocator. Using the system default.
[13:03:59] [main/INFO]: [STDERR]: MemoryUtil allocator: StdlibAllocator
[13:03:59] [main/INFO]: [OptiFine] (Reflector) Class not present: net.minecraftforge.fml.loading.progress.EarlyProgressVisualization
[13:04:00] [main/INFO]: [STDERR]: Loading library (system): lwjgl_opengl
[13:04:00] [main/INFO]: [STDERR]: 	Loaded from java.library.path: /home/pi/lwjgl3arm32/liblwjgl_opengl.so
[13:04:00] [main/INFO]: [STDERR]: Loading library: libGL.so.1
[13:04:00] [main/INFO]: [STDERR]: 	Loaded from system paths: /usr/lib/arm-linux-gnueabihf/libGL.so.1
[13:04:01] [main/INFO]: [STDERR]: Loading library (system): lwjgl_stb
[13:04:01] [main/INFO]: [STDERR]: 	Loaded from java.library.path: /home/pi/lwjgl3arm32/liblwjgl_stb.so
[13:04:01] [main/INFO]: [OptiFine] 
[13:04:01] [main/INFO]: [OptiFine] OptiFine_1.16.1_HD_U_G2_pre2
[13:04:01] [main/INFO]: [OptiFine] Build: 20200703-234202
[13:04:01] [main/INFO]: [OptiFine] OS: Linux (arm) version 5.4.72-v7l+
[13:04:01] [main/INFO]: [OptiFine] Java: 1.8.0_251, Oracle Corporation
[13:04:01] [main/INFO]: [OptiFine] VM: Java HotSpot(TM) Server VM (mixed mode), Oracle Corporation
[13:04:01] [main/INFO]: [OptiFine] LWJGL: 3.4.0 X11 GLX EGL OSMesa clock_gettime evdev shared
[13:04:01] [main/INFO]: [OptiFine] OpenGL: V3D 4.2, version 2.1 Mesa 19.3.2, Broadcom
[13:04:01] [main/INFO]: [OptiFine] OpenGL Version: 2.1.0
[13:04:01] [main/INFO]: [OptiFine] Maximum texture size: 4096x4096
[13:04:01] [VersionCheck/INFO]: [OptiFine] Checking for new version
[13:04:01] [main/INFO]: [Shaders] OpenGL Version: 2.1 Mesa 19.3.2
[13:04:01] [main/INFO]: [Shaders] Vendor:  Broadcom
[13:04:01] [main/INFO]: [Shaders] Renderer: V3D 4.2
[13:04:01] [main/INFO]: [Shaders] Capabilities:  2.0  2.1  -  -  - 
[13:04:01] [main/INFO]: [Shaders] GL_MAX_DRAW_BUFFERS: 4
[13:04:01] [main/INFO]: [Shaders] GL_MAX_COLOR_ATTACHMENTS_EXT: 4
[13:04:01] [main/INFO]: [Shaders] GL_MAX_TEXTURE_IMAGE_UNITS: 16
[13:04:01] [main/INFO]: [Shaders] Load shaders configuration.
[13:04:01] [main/INFO]: [Shaders] Save shaders configuration.
[13:04:01] [main/INFO]: [Shaders] Shaders can not be loaded, Fast Render is enabled.
[13:04:01] [main/INFO]: [Shaders] No shaderpack loaded.
[13:04:01] [VersionCheck/INFO]: [OptiFine] Version found: G2
[13:04:01] [main/INFO]: [OptiFine] (Reflector) Class not present: net.minecraftforge.fml.common.Loader
[13:04:03] [main/INFO]: [OptiFine] (Reflector) Class not present: net.minecraftforge.client.ItemModelMesherForge
[13:04:05] [main/INFO]: [OptiFine] (Reflector) Class not present: net.minecraftforge.client.model.pipeline.ForgeBlockModelRenderer
[13:04:07] [main/WARN]: ERROR : Couldn't load Narrator library : Unable to load library 'fliteWrapper': Native library (linux-arm/libfliteWrapper.so) not found in resource path ([file:/home/pi/.minecraft/libraries/optifine/OptiFine/1.16.1_HD_U_G2_pre2/OptiFine-1.16.1_HD_U_G2_pre2.jar, file:/home/pi/.minecraft/libraries/optifine/launchwrapper-of/2.1/launchwrapper-of-2.1.jar, file:/home/pi/.minecraft/libraries/com/mojang/patchy/1.1/patchy-1.1.jar, file:/home/pi/.minecraft/libraries/oshi-project/oshi-core/1.1/oshi-core-1.1.jar, file:/home/pi/.minecraft/libraries/net/java/dev/jna/jna/4.4.0/jna-4.4.0.jar, file:/home/pi/.minecraft/libraries/net/java/dev/jna/platform/3.4.0/platform-3.4.0.jar, file:/home/pi/.minecraft/libraries/com/ibm/icu/icu4j/66.1/icu4j-66.1.jar, file:/home/pi/.minecraft/libraries/com/mojang/javabridge/1.0.22/javabridge-1.0.22.jar, file:/home/pi/.minecraft/libraries/net/sf/jopt-simple/jopt-simple/5.0.3/jopt-simple-5.0.3.jar, file:/home/pi/.minecraft/libraries/io/netty/netty-all/4.1.25.Final/netty-all-4.1.25.Final.jar, file:/home/pi/.minecraft/libraries/com/google/guava/guava/21.0/guava-21.0.jar, file:/home/pi/.minecraft/libraries/org/apache/commons/commons-lang3/3.5/commons-lang3-3.5.jar, file:/home/pi/.minecraft/libraries/commons-io/commons-io/2.5/commons-io-2.5.jar, file:/home/pi/.minecraft/libraries/commons-codec/commons-codec/1.10/commons-codec-1.10.jar, file:/home/pi/.minecraft/libraries/net/java/jinput/jinput/2.0.5/jinput-2.0.5.jar, file:/home/pi/.minecraft/libraries/net/java/jutils/jutils/1.0.0/jutils-1.0.0.jar, file:/home/pi/.minecraft/libraries/com/mojang/brigadier/1.0.17/brigadier-1.0.17.jar, file:/home/pi/.minecraft/libraries/com/mojang/datafixerupper/3.0.25/datafixerupper-3.0.25.jar, file:/home/pi/.minecraft/libraries/com/google/code/gson/gson/2.8.0/gson-2.8.0.jar, file:/home/pi/.minecraft/libraries/com/mojang/authlib/1.6.25/authlib-1.6.25.jar, file:/home/pi/.minecraft/libraries/org/apache/commons/commons-compress/1.8.1/commons-compress-1.8.1.jar, file:/home/pi/.minecraft/libraries/org/apache/httpcomponents/httpclient/4.3.3/httpclient-4.3.3.jar, file:/home/pi/.minecraft/libraries/commons-logging/commons-logging/1.1.3/commons-logging-1.1.3.jar, file:/home/pi/.minecraft/libraries/org/apache/httpcomponents/httpcore/4.3.2/httpcore-4.3.2.jar, file:/home/pi/.minecraft/libraries/it/unimi/dsi/fastutil/8.2.1/fastutil-8.2.1.jar, file:/home/pi/.minecraft/libraries/org/apache/logging/log4j/log4j-api/2.8.1/log4j-api-2.8.1.jar, file:/home/pi/.minecraft/libraries/org/apache/logging/log4j/log4j-core/2.8.1/log4j-core-2.8.1.jar, file:/home/pi/lwjgl3arm32/lwjgl-glfw.jar, file:/home/pi/lwjgl3arm32/lwjgl-jemalloc.jar, file:/home/pi/lwjgl3arm32/lwjgl-openal.jar, file:/home/pi/lwjgl3arm32/lwjgl-opengl.jar, file:/home/pi/lwjgl3arm32/lwjgl-stb.jar, file:/home/pi/lwjgl3arm32/lwjgl.jar, file:/home/pi/lwjgl3arm32/libjemalloc.so, file:/home/pi/lwjgl3arm32/libopenal.so, file:/home/pi/lwjgl3arm32/liblwjgl_opengl.so, file:/home/pi/lwjgl3arm32/libglfw.so, file:/home/pi/lwjgl3arm32/liblwjgl_stb.so, file:/home/pi/lwjgl3arm32/liblwjgl.so, file:/home/pi/lwjgl3arm32/lwjgl-jemalloc-natives-linux-arm64.jar, file:/home/pi/lwjgl3arm32/lwjgl-openal-natives-linux-arm64.jar, file:/home/pi/lwjgl3arm32/lwjgl-opengl-natives-linux-arm64.jar, file:/home/pi/lwjgl3arm32/lwjgl-glfw-natives-linux-arm64.jar, file:/home/pi/lwjgl3arm32/lwjgl-stb-natives-linux-arm64.jar, file:/home/pi/lwjgl3arm32/lwjgl-natives-linux-arm64.jar, file:/home/pi/.minecraft/libraries/com/mojang/text2speech/1.11.3/text2speech-1.11.3.jar, file:/home/pi/.minecraft/versions/1.16.1-OptiFine_HD_U_G2_pre2/1.16.1-OptiFine_HD_U_G2_pre2.jar])
[13:04:07] [main/INFO]: [OptiFine] (Reflector) Class not present: net.minecraftforge.fml.client.gui.screen.ModListScreen
[13:04:07] [main/INFO]: [OptiFine] (Reflector) Class not present: net.minecraftforge.client.gui.NotificationModUpdateScreen
[13:04:07] [main/INFO]: Reloading ResourceManager: Default
[13:04:07] [main/INFO]: [OptiFine] *** Reloading textures ***
[13:04:07] [main/INFO]: [OptiFine] Resource packs: Default
[13:04:08] [main/INFO]: [OptiFine] *** Reflector Forge ***
[13:04:08] [main/INFO]: [OptiFine] (Reflector) Class not present: mods.betterfoliage.client.BetterFoliageClient
[13:04:08] [main/INFO]: [OptiFine] (Reflector) Class not present: net.minecraftforge.fml.BrandingControl
[13:04:08] [main/INFO]: [OptiFine] (Reflector) Class not present: net.minecraftforge.common.capabilities.CapabilityProvider
[13:04:08] [main/INFO]: [OptiFine] (Reflector) Class not present: net.minecraftforge.fml.client.ClientModLoader
[13:04:08] [main/INFO]: [OptiFine] (Reflector) Class not present: net.minecraftforge.event.world.ChunkDataEvent$Save
[13:04:08] [main/INFO]: [OptiFine] (Reflector) Class not present: net.minecraftforge.event.world.ChunkEvent$Load
[13:04:08] [main/INFO]: [OptiFine] (Reflector) Class not present: net.minecraftforge.event.world.ChunkEvent$Unload
[13:04:08] [main/INFO]: [OptiFine] (Reflector) Class not present: net.minecraftforge.fml.client.ClientHooks
[13:04:08] [main/INFO]: [OptiFine] (Reflector) Class not present: net.minecraftforge.common.DimensionManager
[13:04:08] [main/INFO]: [OptiFine] (Reflector) Class not present: net.minecraftforge.client.event.GuiScreenEvent$DrawScreenEvent$Pre
[13:04:08] [main/INFO]: [OptiFine] (Reflector) Class not present: net.minecraftforge.client.event.GuiScreenEvent$DrawScreenEvent$Post
[13:04:08] [main/INFO]: [OptiFine] (Reflector) Class not present: net.minecraftforge.client.event.EntityViewRenderEvent$CameraSetup
[13:04:08] [main/INFO]: [OptiFine] (Reflector) Class not present: net.minecraftforge.client.event.EntityViewRenderEvent$FogColors
[13:04:08] [main/INFO]: [OptiFine] (Reflector) Class not present: net.minecraftforge.client.event.EntityViewRenderEvent$RenderFogEvent
[13:04:08] [main/INFO]: [OptiFine] (Reflector) Class not present: net.minecraftforge.event.entity.EntityJoinWorldEvent
[13:04:08] [main/INFO]: [OptiFine] (Reflector) Method not present: net.minecraftforge.eventbus.api.Event.isCanceled
[13:04:08] [main/INFO]: [OptiFine] (Reflector) Method not present: net.minecraftforge.eventbus.api.Event.getResult
[13:04:08] [main/INFO]: [OptiFine] (Reflector) Class not present: net.minecraftforge.eventbus.api.IEventBus
[13:04:08] [main/INFO]: [OptiFine] (Reflector) Class not present: net.minecraftforge.common.extensions.IForgeBlock
[13:04:08] [main/INFO]: [OptiFine] (Reflector) Method not present: ecp.getTexture
[13:04:08] [main/INFO]: [OptiFine] (Reflector) Method not present: net.minecraftforge.common.extensions.IForgeBlockState.addDestroyEffects
[13:04:08] [main/INFO]: [OptiFine] (Reflector) Method not present: net.minecraftforge.common.extensions.IForgeBlockState.addHitEffects
[13:04:08] [main/INFO]: [OptiFine] (Reflector) Method not present: net.minecraftforge.common.extensions.IForgeBlockState.getLightValue
[13:04:08] [main/INFO]: [OptiFine] (Reflector) Method not present: net.minecraftforge.common.extensions.IForgeBlockState.getSoundType
[13:04:08] [main/INFO]: [OptiFine] (Reflector) Method not present: net.minecraftforge.common.extensions.IForgeBlockState.getStateAtViewpoint
[13:04:08] [main/INFO]: [OptiFine] (Reflector) Method not present: net.minecraftforge.common.extensions.IForgeBlockState.isAir
[13:04:08] [main/INFO]: [OptiFine] (Reflector) Method not present: net.minecraftforge.common.extensions.IForgeBlockState.shouldDisplayFluidOverlay
[13:04:08] [main/INFO]: [OptiFine] (Reflector) Class not present: net.minecraftforge.common.extensions.IForgeFluid
[13:04:08] [main/INFO]: [OptiFine] (Reflector) Class not present: net.minecraftforge.fluids.FluidAttributes
[13:04:08] [main/INFO]: [OptiFine] (Reflector) Method not present: aoq.getTags
[13:04:08] [main/INFO]: [OptiFine] (Reflector) Field not present: aoy.NAMETAG_DISTANCE
[13:04:08] [main/INFO]: [OptiFine] (Reflector) Class not present: net.minecraftforge.event.ForgeEventFactory
[13:04:08] [main/INFO]: [OptiFine] (Reflector) Method not present: cwz.getTags
[13:04:08] [main/INFO]: [OptiFine] (Reflector) Class not present: net.minecraftforge.common.ForgeHooks
[13:04:08] [main/INFO]: [OptiFine] (Reflector) Class not present: net.minecraftforge.common.ForgeConfig
[13:04:08] [main/INFO]: [OptiFine] (Reflector) Class not present: net.minecraftforge.common.ForgeConfig$Client
[13:04:08] [main/INFO]: [OptiFine] (Reflector) Class not present: net.minecraftforge.common.ForgeConfigSpec
[13:04:08] [main/INFO]: [OptiFine] (Reflector) Class not present: net.minecraftforge.common.ForgeConfigSpec$ConfigValue
[13:04:08] [main/INFO]: [OptiFine] (Reflector) Method not present: cgy.getWorldForge
[13:04:08] [main/INFO]: [OptiFine] (Reflector) Class not present: net.minecraftforge.common.extensions.IForgeItem
[13:04:08] [main/INFO]: [OptiFine] (Reflector) Class not present: net.minecraftforge.common.extensions.IForgeItemStack
[13:04:08] [main/INFO]: [OptiFine] (Reflector) Class not present: net.minecraftforge.fml.ForgeI18n
[13:04:08] [main/INFO]: [OptiFine] (Reflector) Class not present: net.minecraftforge.client.model.IModel
[13:04:08] [main/INFO]: [OptiFine] (Reflector) Method not present: dlu.setKeyConflictContext
[13:04:08] [main/INFO]: [OptiFine] (Reflector) Method not present: dlu.setKeyModifierAndCode
[13:04:08] [main/INFO]: [OptiFine] (Reflector) Method not present: dlu.getKeyModifier
[13:04:08] [main/INFO]: [OptiFine] (Reflector) Class not present: net.minecraftforge.common.extensions.IForgeEffectInstance
[13:04:08] [main/INFO]: [OptiFine] (Reflector) Class not present: net.minecraftforge.registries.ForgeRegistryEntry
[13:04:08] [main/INFO]: [OptiFine] (Reflector) Method not present: ebu.canRenderInLayer
[13:04:08] [main/INFO]: [OptiFine] (Reflector) Method not present: ebu.canRenderInLayer
[13:04:08] [main/INFO]: [OptiFine] (Reflector) Class not present: net.minecraftforge.common.extensions.IForgeTileEntity
[13:04:08] [main/INFO]: [OptiFine] (Reflector) Class not present: net.minecraftforge.common.extensions.IForgeDimension
[13:04:08] [main/INFO]: [OptiFine] (Reflector) Class not present: net.minecraftforge.client.model.pipeline.LightUtil
[13:04:08] [main/INFO]: [OptiFine] (Reflector) Class not present: net.minecraftforge.common.MinecraftForge
[13:04:08] [main/INFO]: [OptiFine] (Reflector) Class not present: net.minecraftforge.client.MinecraftForgeClient
[13:04:08] [main/INFO]: [OptiFine] (Reflector) Class not present: net.minecraftforge.fml.common.ModContainer
[13:04:08] [main/INFO]: [OptiFine] (Reflector) Class not present: net.minecraftforge.client.model.ModelLoader
[13:04:08] [main/INFO]: [OptiFine] (Reflector) Class not present: net.minecraftforge.client.model.ModelLoader$VanillaLoader
[13:04:08] [main/INFO]: [OptiFine] (Reflector) Class not present: net.minecraftforge.client.model.ModelLoaderRegistry
[13:04:08] [main/INFO]: [OptiFine] (Reflector) Class not present: net.minecraftforge.event.entity.PlaySoundAtEntityEvent
[13:04:08] [main/INFO]: [OptiFine] (Reflector) Class not present: net.minecraftforge.client.event.RenderBlockOverlayEvent$OverlayType
[13:04:08] [main/INFO]: [OptiFine] (Reflector) Class not present: net.minecraftforge.fml.client.registry.RenderingRegistry
[13:04:08] [main/INFO]: [OptiFine] (Reflector) Class not present: net.minecraftforge.client.event.RenderItemInFrameEvent
[13:04:08] [main/INFO]: [OptiFine] (Reflector) Class not present: net.minecraftforge.client.event.RenderLivingEvent$Pre
[13:04:08] [main/INFO]: [OptiFine] (Reflector) Class not present: net.minecraftforge.client.event.RenderLivingEvent$Post
[13:04:08] [main/INFO]: [OptiFine] (Reflector) Class not present: net.minecraftforge.client.event.RenderNameplateEvent
[13:04:08] [main/INFO]: [OptiFine] (Reflector) Class not present: net.minecraftforge.client.event.ScreenshotEvent
[13:04:08] [main/INFO]: [OptiFine] (Reflector) Class not present: net.minecraftforge.fml.server.ServerLifecycleHooks
[13:04:08] [main/INFO]: [OptiFine] (Reflector) Class not present: net.minecraftforge.event.world.WorldEvent$Load
[13:04:08] [main/INFO]: [OptiFine] *** Reflector Vanilla ***
[13:04:10] [Worker-Main-5/INFO]: [OptiFine] Multitexture: false
[13:04:20] [Worker-Main-4/INFO]: [OptiFine] Multitexture: false
[13:04:31] [Worker-Main-6/INFO]: [OptiFine] Multitexture: false
[13:04:31] [Worker-Main-6/INFO]: [OptiFine] ConnectedTextures: optifine/ctm/default/00_glass_white/glass_pane_white.properties
[13:04:31] [Worker-Main-6/INFO]: [OptiFine] ConnectedTextures: optifine/ctm/default/00_glass_white/glass_white.properties
[13:04:31] [Worker-Main-6/INFO]: [OptiFine] ConnectedTextures: optifine/ctm/default/01_glass_orange/glass_orange.properties
[13:04:31] [Worker-Main-6/INFO]: [OptiFine] ConnectedTextures: optifine/ctm/default/01_glass_orange/glass_pane_orange.properties
[13:04:31] [Worker-Main-6/INFO]: [OptiFine] ConnectedTextures: optifine/ctm/default/02_glass_magenta/glass_magenta.properties
[13:04:31] [Worker-Main-6/INFO]: [OptiFine] ConnectedTextures: optifine/ctm/default/02_glass_magenta/glass_pane_magenta.properties
[13:04:31] [Worker-Main-6/INFO]: [OptiFine] ConnectedTextures: optifine/ctm/default/03_glass_light_blue/glass_light_blue.properties
[13:04:31] [Worker-Main-6/INFO]: [OptiFine] ConnectedTextures: optifine/ctm/default/03_glass_light_blue/glass_pane_light_blue.properties
[13:04:31] [Worker-Main-6/INFO]: [OptiFine] ConnectedTextures: optifine/ctm/default/04_glass_yellow/glass_pane_yellow.properties
[13:04:31] [Worker-Main-6/INFO]: [OptiFine] ConnectedTextures: optifine/ctm/default/04_glass_yellow/glass_yellow.properties
[13:04:31] [Worker-Main-6/INFO]: [OptiFine] ConnectedTextures: optifine/ctm/default/05_glass_lime/glass_lime.properties
[13:04:31] [Worker-Main-6/INFO]: [OptiFine] ConnectedTextures: optifine/ctm/default/05_glass_lime/glass_pane_lime.properties
[13:04:31] [Worker-Main-6/INFO]: [OptiFine] ConnectedTextures: optifine/ctm/default/06_glass_pink/glass_pane_pink.properties
[13:04:31] [Worker-Main-6/INFO]: [OptiFine] ConnectedTextures: optifine/ctm/default/06_glass_pink/glass_pink.properties
[13:04:31] [Worker-Main-6/INFO]: [OptiFine] ConnectedTextures: optifine/ctm/default/07_glass_gray/glass_gray.properties
[13:04:31] [Worker-Main-6/INFO]: [OptiFine] ConnectedTextures: optifine/ctm/default/07_glass_gray/glass_pane_gray.properties
[13:04:31] [Worker-Main-6/INFO]: [OptiFine] ConnectedTextures: optifine/ctm/default/08_glass_light_gray/glass_light_gray.properties
[13:04:31] [Worker-Main-6/INFO]: [OptiFine] ConnectedTextures: optifine/ctm/default/08_glass_light_gray/glass_pane_light_gray.properties
[13:04:31] [Worker-Main-6/INFO]: [OptiFine] ConnectedTextures: optifine/ctm/default/09_glass_cyan/glass_cyan.properties
[13:04:31] [Worker-Main-6/INFO]: [OptiFine] ConnectedTextures: optifine/ctm/default/09_glass_cyan/glass_pane_cyan.properties
[13:04:31] [Worker-Main-6/INFO]: [OptiFine] ConnectedTextures: optifine/ctm/default/10_glass_purple/glass_pane_purple.properties
[13:04:31] [Worker-Main-6/INFO]: [OptiFine] ConnectedTextures: optifine/ctm/default/10_glass_purple/glass_purple.properties
[13:04:31] [Worker-Main-6/INFO]: [OptiFine] ConnectedTextures: optifine/ctm/default/11_glass_blue/glass_blue.properties
[13:04:31] [Worker-Main-6/INFO]: [OptiFine] ConnectedTextures: optifine/ctm/default/11_glass_blue/glass_pane_blue.properties
[13:04:31] [Worker-Main-6/INFO]: [OptiFine] ConnectedTextures: optifine/ctm/default/12_glass_brown/glass_brown.properties
[13:04:31] [Worker-Main-6/INFO]: [OptiFine] ConnectedTextures: optifine/ctm/default/12_glass_brown/glass_pane_brown.properties
[13:04:31] [Worker-Main-6/INFO]: [OptiFine] ConnectedTextures: optifine/ctm/default/13_glass_green/glass_green.properties
[13:04:31] [Worker-Main-6/INFO]: [OptiFine] ConnectedTextures: optifine/ctm/default/13_glass_green/glass_pane_green.properties
[13:04:31] [Worker-Main-6/INFO]: [OptiFine] ConnectedTextures: optifine/ctm/default/14_glass_red/glass_pane_red.properties
[13:04:31] [Worker-Main-6/INFO]: [OptiFine] ConnectedTextures: optifine/ctm/default/14_glass_red/glass_red.properties
[13:04:31] [Worker-Main-6/INFO]: [OptiFine] ConnectedTextures: optifine/ctm/default/15_glass_black/glass_black.properties
[13:04:31] [Worker-Main-6/INFO]: [OptiFine] ConnectedTextures: optifine/ctm/default/15_glass_black/glass_pane_black.properties
[13:04:31] [Worker-Main-6/INFO]: [OptiFine] ConnectedTextures: optifine/ctm/default/20_glass/glass.properties
[13:04:31] [Worker-Main-6/INFO]: [OptiFine] ConnectedTextures: optifine/ctm/default/20_glass/glass_pane.properties
[13:04:31] [Worker-Main-6/INFO]: [OptiFine] ConnectedTextures: optifine/ctm/default/30_bookshelf/bookshelf.properties
[13:04:31] [Worker-Main-6/INFO]: [OptiFine] ConnectedTextures: optifine/ctm/default/40_sandstone/sandstone.properties
[13:04:31] [Worker-Main-6/INFO]: [OptiFine] ConnectedTextures: optifine/ctm/default/41_red_sandstone/red_sandstone.properties
[13:04:31] [Worker-Main-6/INFO]: [OptiFine] Multipass connected textures: false
[13:04:31] [Worker-Main-6/INFO]: [OptiFine] BetterGrass: Parsing default configuration optifine/bettergrass.properties
[13:04:38] [Worker-Main-6/INFO]: [OptiFine] Mipmap levels: 4
[13:04:38] [Worker-Main-7/INFO]: [OptiFine] Multitexture: false
[13:04:45] [Worker-Main-6/INFO]: [OptiFine] Multitexture: false
[13:04:45] [Worker-Main-6/INFO]: [OptiFine] Sprite size: 64
[13:04:45] [Worker-Main-6/INFO]: [OptiFine] Mipmap levels: 6
[13:04:45] [Worker-Main-6/INFO]: [OptiFine] Multitexture: false
[13:04:46] [Worker-Main-6/INFO]: [OptiFine] Sprite size: 64
[13:04:46] [Worker-Main-6/INFO]: [OptiFine] Mipmap levels: 6
[13:04:46] [Worker-Main-6/INFO]: [OptiFine] Multitexture: false
[13:04:46] [Worker-Main-6/INFO]: [OptiFine] Sprite size: 64
[13:04:46] [Worker-Main-6/INFO]: [OptiFine] Mipmap levels: 6
[13:04:46] [Worker-Main-6/INFO]: [OptiFine] Multitexture: false
[13:04:46] [Worker-Main-6/INFO]: [OptiFine] Sprite size: 64
[13:04:46] [Worker-Main-6/INFO]: [OptiFine] Mipmap levels: 6
[13:04:46] [Worker-Main-6/INFO]: [OptiFine] Multitexture: false
[13:04:46] [Worker-Main-6/INFO]: [OptiFine] Sprite size: 64
[13:04:46] [Worker-Main-6/INFO]: [OptiFine] Mipmap levels: 6
[13:04:46] [Worker-Main-6/INFO]: [OptiFine] Multitexture: false
[13:04:46] [Worker-Main-6/INFO]: [OptiFine] Sprite size: 64
[13:04:46] [Worker-Main-6/INFO]: [OptiFine] Mipmap levels: 6
[13:04:47] [main/INFO]: [STDERR]: Loading library: openal
[13:04:47] [main/INFO]: [STDERR]: 	Loaded from java.library.path: /home/pi/lwjgl3arm32/libopenal.so
[13:04:47] [main/INFO]: OpenAL initialized.
[13:04:47] [main/INFO]: Sound engine started
[13:04:48] [main/INFO]: Created: 1024x512x4 minecraft:textures/atlas/blocks.png-atlas
[13:04:48] [main/INFO]: [OptiFine] Animated sprites: 43
[13:04:48] [main/INFO]: Created: 256x128x4 minecraft:textures/atlas/signs.png-atlas
[13:04:48] [main/INFO]: [OptiFine] Animated sprites: 0
[13:04:48] [main/INFO]: Created: 512x512x4 minecraft:textures/atlas/banner_patterns.png-atlas
[13:04:48] [main/INFO]: [OptiFine] Animated sprites: 0
[13:04:48] [main/INFO]: Created: 512x512x4 minecraft:textures/atlas/shield_patterns.png-atlas
[13:04:48] [main/INFO]: [OptiFine] Animated sprites: 0
[13:04:48] [main/INFO]: Created: 256x256x4 minecraft:textures/atlas/chest.png-atlas
[13:04:48] [main/INFO]: [OptiFine] Animated sprites: 0
[13:04:48] [main/INFO]: Created: 512x256x4 minecraft:textures/atlas/beds.png-atlas
[13:04:48] [main/INFO]: [OptiFine] Animated sprites: 0
[13:04:48] [main/INFO]: Created: 512x256x4 minecraft:textures/atlas/shulker_boxes.png-atlas
[13:04:48] [main/INFO]: [OptiFine] Animated sprites: 0
[13:04:52] [main/INFO]: Created: 256x256x0 minecraft:textures/atlas/particles.png-atlas
[13:04:52] [main/INFO]: [OptiFine] Animated sprites: 0
[13:04:52] [main/INFO]: Created: 256x256x0 minecraft:textures/atlas/paintings.png-atlas
[13:04:52] [main/INFO]: [OptiFine] Animated sprites: 0
[13:04:52] [main/INFO]: Created: 128x128x0 minecraft:textures/atlas/mob_effects.png-atlas
[13:04:52] [main/INFO]: [OptiFine] Animated sprites: 0
[13:04:52] [main/INFO]: [OptiFine] *** Reloading custom textures ***
[13:04:57] [main/INFO]: [OptiFine] Disable Forge light pipeline
[13:05:05] [main/WARN]: Ambiguity between arguments [teleport, destination] and [teleport, targets] with inputs: [Player, 0123, @e, dd12be42-52a9-4a91-a8a1-11c01849e498]
[13:05:05] [main/WARN]: Ambiguity between arguments [teleport, location] and [teleport, destination] with inputs: [0.1 -0.5 .9, 0 0 0]
[13:05:05] [main/WARN]: Ambiguity between arguments [teleport, location] and [teleport, targets] with inputs: [0.1 -0.5 .9, 0 0 0]
[13:05:05] [main/WARN]: Ambiguity between arguments [teleport, targets] and [teleport, destination] with inputs: [Player, 0123, dd12be42-52a9-4a91-a8a1-11c01849e498]
[13:05:05] [main/WARN]: Ambiguity between arguments [teleport, targets, location] and [teleport, targets, destination] with inputs: [0.1 -0.5 .9, 0 0 0]
[13:05:05] [main/INFO]: Reloading ResourceManager: Default
[13:05:09] [main/INFO]: Loaded 7 recipes
[13:05:11] [main/INFO]: Loaded 927 advancements
[13:05:15] [main/INFO]: Environment: authHost='https://authserver.mojang.com', accountsHost='https://api.mojang.com', sessionHost='https://sessionserver.mojang.com', name='PROD'
[13:05:15] [Server thread/INFO]: Starting integrated minecraft server version 1.16.1
[13:05:15] [Server thread/INFO]: Generating keypair
[13:05:17] [Server thread/INFO]: Preparing start region for dimension minecraft:overworld
[13:05:28] [main/INFO]: Preparing spawn area: 0%
[13:05:28] [main/INFO]: Preparing spawn area: 0%
[13:05:28] [main/INFO]: Preparing spawn area: 0%
[13:05:28] [main/INFO]: Preparing spawn area: 0%
[13:05:28] [main/INFO]: Preparing spawn area: 0%
[13:05:28] [main/INFO]: Preparing spawn area: 0%
[13:05:28] [main/INFO]: Preparing spawn area: 0%
[13:05:28] [main/INFO]: Preparing spawn area: 0%
[13:05:28] [main/INFO]: Preparing spawn area: 0%
[13:05:28] [main/INFO]: Preparing spawn area: 0%
[13:05:28] [main/INFO]: Preparing spawn area: 0%
[13:05:28] [main/INFO]: Preparing spawn area: 0%
[13:05:28] [main/INFO]: Preparing spawn area: 0%
[13:05:28] [main/INFO]: Preparing spawn area: 0%
[13:05:28] [main/INFO]: Preparing spawn area: 0%
[13:05:28] [main/INFO]: Preparing spawn area: 0%
[13:05:28] [main/INFO]: Preparing spawn area: 0%
[13:05:28] [main/INFO]: Preparing spawn area: 0%
[13:05:28] [main/INFO]: Preparing spawn area: 0%
[13:05:28] [main/INFO]: Preparing spawn area: 0%
[13:05:28] [main/INFO]: Preparing spawn area: 0%
[13:05:28] [main/INFO]: Preparing spawn area: 0%
[13:05:28] [main/INFO]: Preparing spawn area: 0%
[13:05:29] [main/INFO]: Preparing spawn area: 0%
[13:05:29] [main/INFO]: Preparing spawn area: 0%
[13:05:30] [main/INFO]: Preparing spawn area: 1%
[13:05:31] [main/INFO]: Preparing spawn area: 1%
[13:05:31] [main/INFO]: Preparing spawn area: 31%
[13:05:32] [main/INFO]: Preparing spawn area: 48%
[13:05:32] [main/INFO]: Preparing spawn area: 48%
[13:05:32] [main/INFO]: Preparing spawn area: 65%
[13:05:51] [main/INFO]: Preparing spawn area: 83%
[13:05:51] [main/INFO]: Preparing spawn area: 83%
[13:05:51] [main/INFO]: Preparing spawn area: 83%
[13:05:51] [main/INFO]: Preparing spawn area: 83%
[13:05:51] [main/INFO]: Preparing spawn area: 83%
[13:05:51] [main/INFO]: Preparing spawn area: 83%
[13:05:51] [main/INFO]: Preparing spawn area: 83%
[13:05:51] [main/INFO]: Preparing spawn area: 83%
[13:05:51] [main/INFO]: Preparing spawn area: 83%
[13:05:51] [main/INFO]: Preparing spawn area: 83%
[13:05:51] [main/INFO]: Preparing spawn area: 83%
[13:05:51] [main/INFO]: Preparing spawn area: 83%
[13:05:51] [main/INFO]: Preparing spawn area: 83%
[13:05:51] [main/INFO]: Preparing spawn area: 83%
[13:05:51] [main/INFO]: Preparing spawn area: 83%
[13:05:51] [main/INFO]: Preparing spawn area: 83%
[13:05:51] [main/INFO]: Preparing spawn area: 83%
[13:05:51] [main/INFO]: Preparing spawn area: 83%
[13:05:51] [main/INFO]: Preparing spawn area: 83%
[13:05:51] [main/INFO]: Preparing spawn area: 83%
[13:05:51] [main/INFO]: Preparing spawn area: 83%
[13:05:51] [main/INFO]: Preparing spawn area: 83%
[13:05:51] [main/INFO]: Preparing spawn area: 83%
[13:05:51] [main/INFO]: Preparing spawn area: 83%
[13:05:51] [main/INFO]: Preparing spawn area: 83%
[13:05:51] [main/INFO]: Preparing spawn area: 83%
[13:05:51] [main/INFO]: Preparing spawn area: 83%
[13:05:51] [main/INFO]: Preparing spawn area: 83%
[13:05:51] [main/INFO]: Preparing spawn area: 83%
[13:05:51] [main/INFO]: Preparing spawn area: 83%
[13:05:51] [main/INFO]: Preparing spawn area: 83%
[13:05:51] [main/INFO]: Preparing spawn area: 83%
[13:05:51] [main/INFO]: Preparing spawn area: 83%
[13:05:51] [main/INFO]: Preparing spawn area: 83%
[13:05:51] [main/INFO]: Preparing spawn area: 83%
[13:05:51] [main/INFO]: Preparing spawn area: 83%
[13:05:52] [main/INFO]: Preparing spawn area: 83%
[13:05:52] [main/INFO]: Preparing spawn area: 83%
[13:05:52] [main/INFO]: Preparing spawn area: 83%
[13:05:53] [main/INFO]: Preparing spawn area: 83%
[13:05:53] [main/INFO]: Preparing spawn area: 83%
[13:05:53] [main/INFO]: Preparing spawn area: 83%
[13:05:54] [main/INFO]: Preparing spawn area: 83%
[13:05:54] [main/INFO]: Preparing spawn area: 83%
[13:05:55] [main/INFO]: Preparing spawn area: 83%
[13:05:55] [main/INFO]: Preparing spawn area: 83%
[13:05:56] [main/INFO]: Preparing spawn area: 83%
[13:05:56] [main/INFO]: Preparing spawn area: 83%
[13:05:57] [main/INFO]: Preparing spawn area: 83%
[13:05:57] [main/INFO]: Preparing spawn area: 83%
[13:05:58] [main/INFO]: Preparing spawn area: 83%
[13:05:58] [main/INFO]: Preparing spawn area: 83%
[13:05:59] [main/INFO]: Preparing spawn area: 83%
[13:05:59] [main/INFO]: Preparing spawn area: 83%
[13:06:00] [main/INFO]: Preparing spawn area: 83%
[13:06:00] [main/INFO]: Preparing spawn area: 83%
[13:06:01] [main/INFO]: Preparing spawn area: 83%
[13:06:01] [main/INFO]: Preparing spawn area: 83%
[13:06:02] [main/INFO]: Preparing spawn area: 83%
[13:06:03] [main/INFO]: Preparing spawn area: 83%
[13:06:03] [main/INFO]: Preparing spawn area: 83%
[13:06:03] [main/INFO]: Preparing spawn area: 83%
[13:06:04] [main/INFO]: Preparing spawn area: 83%
[13:06:04] [main/INFO]: Preparing spawn area: 83%
[13:06:05] [main/INFO]: Preparing spawn area: 83%
[13:06:05] [main/INFO]: Preparing spawn area: 84%
[13:06:06] [main/INFO]: Preparing spawn area: 85%
[13:06:06] [main/INFO]: Preparing spawn area: 86%
[13:06:07] [main/INFO]: Preparing spawn area: 86%
[13:06:07] [main/INFO]: Preparing spawn area: 87%
[13:06:08] [main/INFO]: Preparing spawn area: 87%
[13:06:08] [main/INFO]: Preparing spawn area: 89%
[13:06:09] [main/INFO]: Preparing spawn area: 89%
[13:06:09] [main/INFO]: Preparing spawn area: 90%
[13:06:10] [main/INFO]: Preparing spawn area: 91%
[13:06:10] [main/INFO]: Preparing spawn area: 92%
[13:06:11] [main/INFO]: Preparing spawn area: 92%
[13:06:11] [main/INFO]: Preparing spawn area: 92%
[13:06:12] [main/INFO]: Preparing spawn area: 92%
[13:06:12] [main/INFO]: Preparing spawn area: 92%
[13:06:13] [main/INFO]: Preparing spawn area: 93%
[13:06:13] [main/INFO]: Preparing spawn area: 95%
[13:06:14] [main/INFO]: Preparing spawn area: 99%
[13:06:14] [main/INFO]: Time elapsed: 56890 ms
[13:06:16] [Server thread/INFO]: Changing view distance to 3, from 10
[13:06:16] [Server thread/WARN]: Can't keep up! Is the server overloaded? Running 2292ms or 45 ticks behind
[13:06:23] [Server thread/INFO]: ckosmic[local:E:f4f771d9] logged in with entity id 213 at (-243.8625697954795, 71.0, 151.53656024781958)
[13:06:24] [Server thread/INFO]: ckosmic joined the game
[13:06:24] [Server thread/INFO]: Saving and pausing game...
[13:06:24] [Server thread/INFO]: Saving chunks for level 'ServerLevel[Pi 400]'/minecraft:overworld
[13:06:26] [main/INFO]: [CHAT] A new §eOptiFine§f version is available: §e§nHD Ultra G2§r§f
[13:06:32] [Server thread/INFO]: Saving chunks for level 'ServerLevel[Pi 400]'/minecraft:the_nether
[13:06:32] [Server thread/INFO]: Saving chunks for level 'ServerLevel[Pi 400]'/minecraft:the_end
[13:06:33] [main/INFO]: Loaded 4 advancements
[13:06:35] [Server thread/INFO]: Saving and pausing game...
[13:06:35] [Server thread/INFO]: Saving chunks for level 'ServerLevel[Pi 400]'/minecraft:overworld
[13:06:36] [Server thread/INFO]: Saving chunks for level 'ServerLevel[Pi 400]'/minecraft:the_nether
[13:06:36] [Server thread/INFO]: Saving chunks for level 'ServerLevel[Pi 400]'/minecraft:the_end
[13:06:36] [Server thread/WARN]: Can't keep up! Is the server overloaded? Running 4469ms or 89 ticks behind
[13:07:05] [Server thread/INFO]: Saving and pausing game...
[13:07:05] [Server thread/INFO]: Saving chunks for level 'ServerLevel[Pi 400]'/minecraft:overworld
[13:07:06] [Server thread/INFO]: Saving chunks for level 'ServerLevel[Pi 400]'/minecraft:the_nether
[13:07:06] [Server thread/INFO]: Saving chunks for level 'ServerLevel[Pi 400]'/minecraft:the_end
[13:07:06] [Server thread/WARN]: Can't keep up! Is the server overloaded? Running 15629ms or 312 ticks behind
[13:07:25] [Server thread/WARN]: Can't keep up! Is the server overloaded? Running 2058ms or 41 ticks behind
[13:07:59] [Server thread/INFO]: Saving and pausing game...
[13:07:59] [Server thread/INFO]: Saving chunks for level 'ServerLevel[Pi 400]'/minecraft:overworld
[13:08:00] [Server thread/INFO]: Saving chunks for level 'ServerLevel[Pi 400]'/minecraft:the_nether
[13:08:00] [Server thread/INFO]: Saving chunks for level 'ServerLevel[Pi 400]'/minecraft:the_end
[13:08:00] [Server thread/INFO]: ckosmic lost connection: Disconnected
[13:08:00] [Server thread/INFO]: ckosmic left the game
[13:08:00] [Server thread/INFO]: Stopping singleplayer server as player logged out
[13:08:00] [Server thread/INFO]: Stopping server
[13:08:00] [Server thread/INFO]: Saving players
[13:08:00] [Server thread/INFO]: Saving worlds
[13:08:00] [Server thread/INFO]: Saving chunks for level 'ServerLevel[Pi 400]'/minecraft:overworld
[13:08:01] [Server thread/INFO]: ThreadedAnvilChunkStorage (Pi 400): All chunks are saved
[13:08:01] [Server thread/INFO]: Saving chunks for level 'ServerLevel[Pi 400]'/minecraft:the_nether
[13:08:01] [Server thread/INFO]: ThreadedAnvilChunkStorage (DIM-1): All chunks are saved
[13:08:01] [Server thread/INFO]: Saving chunks for level 'ServerLevel[Pi 400]'/minecraft:the_end
[13:08:01] [Server thread/INFO]: ThreadedAnvilChunkStorage (DIM1): All chunks are saved
[13:08:01] [Server thread/INFO]: ThreadedAnvilChunkStorage (Pi 400): All chunks are saved
[13:08:01] [Server thread/INFO]: ThreadedAnvilChunkStorage (DIM-1): All chunks are saved
[13:08:01] [Server thread/INFO]: ThreadedAnvilChunkStorage (DIM1): All chunks are saved
[13:08:02] [main/INFO]: Stopping!
